  time hotel redis_cache --- 4.044721
  time hotel redis_cache --- 4.042672
  time hotel redis_cache --- 4.04367
  time hotel redis_cache --- 4.045721
  time Create hotel_tasks --- 0.006746
  time Create hotel_tasks --- 0.003989
  time Create hotel_tasks --- 0.004986
  time Create hotel_tasks --- 0.002992
  time Assign tasks --- 0.0
  time Assign tasks --- 0.000998
  time Assign tasks --- 0.000998
  time Assign tasks --- 0.0
  time hotel redis_cache --- 4.06244
  time hotel redis_cache --- 4.060389
  time hotel redis_cache --- 4.061386
  time Create hotel_tasks --- 0.01001
  time Create hotel_tasks --- 0.007015
  time Assign tasks --- 0.001002
  time Assign tasks --- 0.0
  time Create hotel_tasks --- 0.005027
  time Assign tasks --- 0.000997
  time hotel redis_cache --- 4.046026
  time Create hotel_tasks --- 0.001995
  time Assign tasks --- 0.0
  time hotel redis_cache --- 4.074034
  time hotel redis_cache --- 4.074034
  time hotel redis_cache --- 4.07906
  time hotel redis_cache --- 4.078023
  time hotel redis_cache --- 4.082053
  time Create hotel_tasks --- 0.006982
  time Assign tasks --- 0.0
  time Create hotel_tasks --- 0.006942
  time Create hotel_tasks --- 0.004988
  time Assign tasks --- 0.0
  time Create hotel_tasks --- 0.002992
  time Assign tasks --- 0.000996
  time Assign tasks --- 0.0
  time Create hotel_tasks --- 0.012965
  time Assign tasks --- 0.003989
  time hotel redis_cache --- 4.092983
  time Create hotel_tasks --- 0.032206
  time Assign tasks --- 0.003032
  time hotel redis_cache --- 4.107252
  time hotel redis_cache --- 4.117264
  time hotel redis_cache --- 4.120218
  time hotel redis_cache --- 4.119218
  time hotel redis_cache --- 4.120213
  time hotel redis_cache --- 4.120213
  time hotel redis_cache --- 4.122213
  time Create hotel_tasks --- 0.009889
  time Create hotel_tasks --- 0.018865
  time Create hotel_tasks --- 0.002952
  time Create hotel_tasks --- 0.009848
  time Create hotel_tasks --- 0.006856
  time Create hotel_tasks --- 0.00499
  time Assign tasks --- 0.0
  time Assign tasks --- 0.000996
  time Assign tasks --- 0.000996
  time Assign tasks --- 0.000999
  time Create hotel_tasks --- 0.005941
  time Assign tasks --- 0.002993
  time Assign tasks --- 0.001996
  time Assign tasks --- 0.014074
  time hotel redis_cache --- 4.066844
  time hotel redis_cache --- 4.067841
  time hotel redis_cache --- 4.107739
  time hotel redis_cache --- 4.066844
  time hotel redis_cache --- 4.075824
  time hotel redis_cache --- 4.075821
  time hotel redis_cache --- 4.068838
  time Create hotel_tasks --- 0.132645
  time Create hotel_tasks --- 0.103722
  time Create hotel_tasks --- 0.180518
  time Create hotel_tasks --- 0.177525
  time Assign tasks --- 0.072805
  time Assign tasks --- 0.082779
  time Create hotel_tasks --- 0.161566
  time Create hotel_tasks --- 0.176525
  time Create hotel_tasks --- 0.165558
  time Assign tasks --- 0.018949
  time Assign tasks --- 0.018949
  time Assign tasks --- 0.025931
  time Assign tasks --- 0.025931
  time Assign tasks --- 0.018973
  time hotel redis_cache --- 4.114297
  time Create hotel_tasks --- 0.003988
  time Assign tasks --- 0.0
  time hotel redis_cache --- 4.133162
  time hotel redis_cache --- 4.140228
  time hotel redis_cache --- 4.150121
  time hotel redis_cache --- 4.169154
  time hotel redis_cache --- 4.16608
  time Create hotel_tasks --- 0.007979
  time Assign tasks --- 0.000998
  time Create hotel_tasks --- 0.065826
  time hotel redis_cache --- 4.208047
  time Create hotel_tasks --- 0.072805
  time Create hotel_tasks --- 0.088764
  time Create hotel_tasks --- 0.109706
  time Assign tasks --- 0.066822
  time Assign tasks --- 0.00698
  time Assign tasks --- 0.014961
  time Assign tasks --- 0.09674
  time Create hotel_tasks --- 0.103725
  time Assign tasks --- 0.07679
  time hotel redis_cache --- 8.088835
  time hotel redis_cache --- 8.141696
  time hotel redis_cache --- 6.197975
  time hotel redis_cache --- 7.226623
  time hotel redis_cache --- 8.247416
  time hotel redis_cache --- 8.248412
  time hotel redis_cache --- 7.258469
  time hotel redis_cache --- 5.926026
  time hotel redis_cache --- 6.088424
  time hotel redis_cache --- 6.092435
  time hotel redis_cache --- 7.380318
  time Create hotel_tasks --- 0.341023
  time hotel redis_cache --- 7.533646
  time hotel redis_cache --- 7.545616
  time Create hotel_tasks --- 0.471619
  time hotel redis_cache --- 5.565988
  time hotel redis_cache --- 8.589623
  time hotel redis_cache --- 5.585724
  time hotel redis_cache --- 5.585724
  time Create hotel_tasks --- 0.331401
  time Create hotel_tasks --- 0.291508
  time Create hotel_tasks --- 0.395253
  time Create hotel_tasks --- 0.100401
  time Create hotel_tasks --- 0.095372
  time Create hotel_tasks --- 0.067967
  time hotel redis_cache --- 5.625842
  time hotel redis_cache --- 8.61474
  time Assign tasks --- 0.096741
  time Assign tasks --- 0.098734
  time hotel redis_cache --- 6.36404
  time Assign tasks --- 0.002088
  time Create hotel_tasks --- 0.018295
  time Create hotel_tasks --- 0.054458
  time hotel redis_cache --- 5.669115
  time hotel redis_cache --- 6.381342
  time Create hotel_tasks --- 0.063374
  time Create hotel_tasks --- 0.073411
  time hotel redis_cache --- 5.744909
  time hotel redis_cache --- 7.822819
  time Create hotel_tasks --- 0.350418
  time hotel redis_cache --- 8.089355
  time hotel redis_cache --- 6.964649
  time Create hotel_tasks --- 1.080689
  time Create hotel_tasks --- 1.384022
  time Assign tasks --- 0.012183
  time Assign tasks --- 0.008113
  time Create hotel_tasks --- 0.27958
  time hotel redis_cache --- 5.613247
  time hotel redis_cache --- 8.633888
  time Assign tasks --- 0.075796
  time Create hotel_tasks --- 0.073802
  time Assign tasks --- 0.083773
  time Assign tasks --- 0.008202
  time hotel redis_cache --- 6.342222
  time Assign tasks --- 0.080682
  time Assign tasks --- 0.099632
  time Assign tasks --- 0.394937
  time Create hotel_tasks --- 0.39993
  time Assign tasks --- 0.613348
  time Create hotel_tasks --- 0.679172
  time Create hotel_tasks --- 0.709092
  time hotel redis_cache --- 6.916778
  time hotel redis_cache --- 6.929742
  time hotel redis_cache --- 6.941715
  time hotel redis_cache --- 4.283561
  time Create hotel_tasks --- 0.706446
  time Create hotel_tasks --- 0.846726
  time hotel redis_cache --- 4.300545
  time Assign tasks --- 0.135636
  time hotel redis_cache --- 4.397259
  time hotel redis_cache --- 4.459168
  time hotel redis_cache --- 4.414261
  time hotel redis_cache --- 4.424262
  time hotel redis_cache --- 4.432904
  time hotel redis_cache --- 4.429884
  time hotel redis_cache --- 4.429884
  time hotel redis_cache --- 4.429884
  time hotel redis_cache --- 4.445506
  time hotel redis_cache --- 7.135231
  time Assign tasks --- 0.16061
  time hotel redis_cache --- 4.109389
  time Assign tasks --- 0.220344
  time hotel redis_cache --- 4.572731
  time hotel redis_cache --- 4.719401
  time Create hotel_tasks --- 0.43484
  time Create hotel_tasks --- 0.448804
  time Create hotel_tasks --- 0.5246
  time hotel redis_cache --- 7.419439
  time hotel redis_cache --- 4.359721
  time hotel redis_cache --- 4.36471
  time Create hotel_tasks --- 1.249655
  time hotel redis_cache --- 4.378672
  time hotel redis_cache --- 4.422556
  time hotel redis_cache --- 4.751778
  time hotel redis_cache --- 7.816483
  time hotel redis_cache --- 5.154344
  time Assign tasks --- 0.253428
  time hotel redis_cache --- 4.815607
  time Assign tasks --- 0.539774
  time Create hotel_tasks --- 0.867041
  time Assign tasks --- 0.040887
  time Create hotel_tasks --- 0.892968
  time Create hotel_tasks --- 0.197467
  time Assign tasks --- 0.015961
  time Assign tasks --- 0.016955
  time Create hotel_tasks --- 0.050974
  time Assign tasks --- 0.185924
  time Assign tasks --- 0.034013
  time Create hotel_tasks --- 0.297788
  time Create hotel_tasks --- 0.306766
  time Create hotel_tasks --- 0.337628
  time Create hotel_tasks --- 0.089761
  time Create hotel_tasks --- 0.080786
  time Create hotel_tasks --- 0.091754
  time Create hotel_tasks --- 0.106715
  time Create hotel_tasks --- 0.071807
  time Create hotel_tasks --- 0.104719
  time Create hotel_tasks --- 0.044884
  time Create hotel_tasks --- 0.050866
  time Create hotel_tasks --- 0.037902
  time Create hotel_tasks --- 0.042886
  time Create hotel_tasks --- 0.035903
  time Create hotel_tasks --- 0.023931
  time Create hotel_tasks --- 0.01795
  time Assign tasks --- 0.048869
  time Assign tasks --- 0.048897
  time Assign tasks --- 0.048897
  time Assign tasks --- 0.031942
  time Create hotel_tasks --- 0.047899
  time Create hotel_tasks --- 0.0
  time Create hotel_tasks --- 0.042913
  time Create hotel_tasks --- 0.128336
  time Create hotel_tasks --- 0.224081
  time Create hotel_tasks --- 0.231061
  time Create hotel_tasks --- 0.133628
  time Create hotel_tasks --- 0.118681
  time Create hotel_tasks --- 0.131646
  time Assign tasks --- 0.042881
  time Create hotel_tasks --- 0.144653
  time Assign tasks --- 0.018913
  time Assign tasks --- 0.012965
  time Assign tasks --- 0.004987
  time Assign tasks --- 0.008975
  time Assign tasks --- 0.005986
  time Assign tasks --- 0.02198
  time Assign tasks --- 0.012964
  time Assign tasks --- 0.016953
  time Assign tasks --- 0.015958
  time Assign tasks --- 0.005986
  time Assign tasks --- 0.016968
  time Assign tasks --- 0.005987
  time Assign tasks --- 0.019932
  time Assign tasks --- 0.013964
  time Assign tasks --- 0.073802
  time Assign tasks --- 0.052862
  time Assign tasks --- 0.064811
  time Assign tasks --- 0.29456
  time Assign tasks --- 0.10229
  time Assign tasks --- 0.027238
  time Assign tasks --- 0.065826
  time Assign tasks --- 0.099733
  time Assign tasks --- 0.092749
  time Assign tasks --- 0.108712
  time Assign tasks --- 0.102725
  time Assign tasks --- 0.086766
  time Assign tasks --- 0.185083
  time Assign tasks --- 0.214007
  time Assign tasks --- 0.148587
  time hotel redis_cache --- 11.171286
  time hotel redis_cache --- 11.865547
  time hotel redis_cache --- 9.439549
  time hotel redis_cache --- 10.945889
  time hotel redis_cache --- 8.91138
  time hotel redis_cache --- 8.95227
  time hotel redis_cache --- 10.417298
  time hotel redis_cache --- 9.402648
  time hotel redis_cache --- 10.92694
  time hotel redis_cache --- 12.026616
  time hotel redis_cache --- 11.705846
  time hotel redis_cache --- 11.123415
  time hotel redis_cache --- 9.498391
  time hotel redis_cache --- 11.709833
  time hotel redis_cache --- 10.691566
  time hotel redis_cache --- 10.927936
  time hotel redis_cache --- 10.709516
  time hotel redis_cache --- 10.704528
  time hotel redis_cache --- 9.391678
  time hotel redis_cache --- 9.345691
  time hotel redis_cache --- 9.500386
  time hotel redis_cache --- 9.405639
  time hotel redis_cache --- 9.423591
  time hotel redis_cache --- 11.729782
  time hotel redis_cache --- 8.919352
  time Create hotel_tasks --- 0.025932
  time Create hotel_tasks --- 0.030917
  time Create hotel_tasks --- 0.033908
  time hotel redis_cache --- 8.97421
  time hotel redis_cache --- 9.458499
  time hotel redis_cache --- 8.275692
  time hotel redis_cache --- 8.889435
  time hotel redis_cache --- 8.266716
  time hotel redis_cache --- 8.306609
  time hotel redis_cache --- 8.255716
  time hotel redis_cache --- 8.338201
  time hotel redis_cache --- 11.140363
  time hotel redis_cache --- 7.107514
  time hotel redis_cache --- 9.074941
  time hotel redis_cache --- 7.044863
  time hotel redis_cache --- 8.493821
  time hotel redis_cache --- 6.643931
  time hotel redis_cache --- 6.571572
  time hotel redis_cache --- 9.008178
  time hotel redis_cache --- 10.406383
  time hotel redis_cache --- 9.642067
  time hotel redis_cache --- 8.372491
  time hotel redis_cache --- 6.479418
  time Create hotel_tasks --- 0.109766
  time Create hotel_tasks --- 0.105777
  time Create hotel_tasks --- 0.007035
  time Create hotel_tasks --- 0.111808
  time Create hotel_tasks --- 0.245453
  time Create hotel_tasks --- 0.011029
  time Create hotel_tasks --- 0.119788
  time Create hotel_tasks --- 0.256424
  time Create hotel_tasks --- 0.019
  time Create hotel_tasks --- 0.017946
  time Create hotel_tasks --- 0.011968
  time Create hotel_tasks --- 0.149712
  time Create hotel_tasks --- 0.29133
  time Create hotel_tasks --- 0.015957
  time Create hotel_tasks --- 0.03092
  time Create hotel_tasks --- 0.005986
  time Create hotel_tasks --- 0.020945
  time hotel redis_cache --- 10.712505
  time hotel redis_cache --- 11.965282
  time hotel redis_cache --- 7.081575
  time hotel redis_cache --- 7.133729
  time Create hotel_tasks --- 0.181658
  time Create hotel_tasks --- 0.014959
  time Create hotel_tasks --- 0.232488
  time Create hotel_tasks --- 0.331228
  time Create hotel_tasks --- 0.25144
  time Assign tasks --- 0.046874
  time Create hotel_tasks --- 0.034907
  time Assign tasks --- 0.046877
  time Assign tasks --- 0.045879
  time Create hotel_tasks --- 0.027927
  time Create hotel_tasks --- 0.052858
  time Create hotel_tasks --- 0.05984
  time Create hotel_tasks --- 0.057846
  time Create hotel_tasks --- 0.058848
  time Create hotel_tasks --- 0.071814
  time Create hotel_tasks --- 0.077792
  time Create hotel_tasks --- 0.057846
  time Create hotel_tasks --- 0.07779
  time Create hotel_tasks --- 0.114696
  time Create hotel_tasks --- 0.074797
  time Create hotel_tasks --- 0.120677
  time Create hotel_tasks --- 0.035907
  time Create hotel_tasks --- 0.04813
  time Assign tasks --- 0.025931
  time Assign tasks --- 0.021943
  time Assign tasks --- 0.005988
  time Create hotel_tasks --- 0.077891
  time Create hotel_tasks --- 0.102984
  time Create hotel_tasks --- 0.138979
  time Create hotel_tasks --- 0.095745
  time Assign tasks --- 0.009975
  time Assign tasks --- 0.068598
  time Create hotel_tasks --- 0.197257
  time Assign tasks --- 0.012965
  time Assign tasks --- 0.023026
  time Assign tasks --- 0.046052
  time Assign tasks --- 0.016952
  time Assign tasks --- 0.074797
  time Assign tasks --- 0.057843
  time Assign tasks --- 0.3305
  time Assign tasks --- 0.01809
  time Assign tasks --- 0.395188
  time Assign tasks --- 0.185646
  time Assign tasks --- 0.209657
  time Assign tasks --- 0.011349
  time Create hotel_tasks --- 0.077104
  time Assign tasks --- 0.00826
  time Create hotel_tasks --- 0.155463
  time Assign tasks --- 0.01995
  time Assign tasks --- 0.03975
  time Create hotel_tasks --- 0.12474
  time Assign tasks --- 0.016293
  time Create hotel_tasks --- 0.12986
  time Assign tasks --- 0.008638
  time Assign tasks --- 0.05083
  time Assign tasks --- 0.010932
  time Assign tasks --- 0.050432
  time Assign tasks --- 0.046402
  time Assign tasks --- 0.006916
  time Assign tasks --- 0.001002
  time Assign tasks --- 0.026474
  time Assign tasks --- 0.005976
  time Assign tasks --- 0.07996
  time Assign tasks --- 0.06388
  time Assign tasks --- 0.119006
  time Assign tasks --- 0.072995
  time Assign tasks --- 0.04896
  time Assign tasks --- 0.020199
  time Assign tasks --- 0.070326
  time Assign tasks --- 0.089799
  time Assign tasks --- 0.027264
  time Assign tasks --- 0.00565
  time Assign tasks --- 0.084578
  time Assign tasks --- 0.070667
  time Assign tasks --- 0.13336
  time Assign tasks --- 0.025264
  time Assign tasks --- 0.006698
  time Assign tasks --- 0.037303
  time hotel as_completed --- 29.665285
  time read_data_ALLDestination --- 0.060062
  time hotel get_ALLDestination_data --- 31.508814
  time hotel beforeSend --- 0.0
  time BuildTour get_result --- 41.028223
  time BuildTour process_providers --- 0.0
  time hotel as_completed --- 29.724491
  time read_data_ALLDestination --- 0.048865
  time hotel get_ALLDestination_data --- 31.57695
  time hotel beforeSend --- 0.0
  time BuildTour get_result --- 41.145264
  time BuildTour process_providers --- 0.0
  time hotel as_completed --- 29.960894
  time hotel as_completed --- 28.388036
  time read_data_ALLDestination --- 0.742775
  time hotel get_ALLDestination_data --- 32.515287
  time hotel as_completed --- 28.82853
  time hotel beforeSend --- 0.0
  time hotel as_completed --- 28.931353
  time hotel as_completed --- 28.926358
  time BuildTour get_result --- 43.603429
  time hotel as_completed --- 39.453831
  time BuildTour process_providers --- 0.0
  time hotel as_completed --- 29.231948
  time read_data_ALLDestination --- 0.844827
  time hotel as_completed --- 39.781542
  time read_data_ALLDestination --- 0.143068
  time read_data_ALLDestination --- 0.17203
  time hotel get_ALLDestination_data --- 31.517871
  time hotel beforeSend --- 0.0
  time hotel get_ALLDestination_data --- 33.015701
  time read_data_ALLDestination --- 0.187699
  time hotel get_ALLDestination_data --- 32.915863
  time hotel beforeSend --- 0.0
  time BuildTour get_result --- 40.427415
  time hotel get_ALLDestination_data --- 43.821796
  time read_data_ALLDestination --- 0.165084
  time hotel beforeSend --- 0.0
  time read_data_ALLDestination --- 0.28277
  time BuildTour get_result --- 41.770905
  time BuildTour process_providers --- 0.0
  time hotel beforeSend --- 0.0
  time read_data_ALLDestination --- 0.079748
  time hotel get_ALLDestination_data --- 31.854756
  time BuildTour get_result --- 40.086246
  time BuildTour process_providers --- 0.0
  time BuildTour process_providers --- 0.0
  time BuildTour get_result --- 55.567083
  time hotel get_ALLDestination_data --- 43.919161
  time hotel beforeSend --- 0.0
  time hotel get_ALLDestination_data --- 31.838465
  time BuildTour process_providers --- 0.0
  time hotel beforeSend --- 0.0
  time BuildTour get_result --- 44.309108
  time hotel beforeSend --- 0.0
  time BuildTour get_result --- 52.549423
  time BuildTour process_providers --- 0.0
  time BuildTour get_result --- 45.538944
  time BuildTour process_providers --- 0.0
  time BuildTour process_providers --- 0.0
  time hotel as_completed --- 49.431444
  time hotel as_completed --- 49.454141
  time hotel as_completed --- 40.566405
  time hotel as_completed --- 40.642055
  time hotel as_completed --- 41.711778
  time hotel as_completed --- 41.540359
  time hotel as_completed --- 41.514302
  time hotel as_completed --- 41.167739
  time hotel as_completed --- 41.587522
  time hotel as_completed --- 40.659179
  time hotel as_completed --- 49.659326
  time hotel as_completed --- 40.684076
  time hotel as_completed --- 49.244633
  time hotel as_completed --- 48.95539
  time hotel as_completed --- 41.070534
  time hotel as_completed --- 49.103896
  time hotel as_completed --- 48.962176
  time hotel as_completed --- 49.120088
  time hotel as_completed --- 41.239051
  time hotel as_completed --- 41.24921
  time hotel as_completed --- 42.028467
  time hotel as_completed --- 41.321596
  time hotel as_completed --- 49.210841
  time hotel as_completed --- 41.612335
  time hotel as_completed --- 41.40369
  time hotel as_completed --- 41.807968
  time hotel as_completed --- 42.322197
  time hotel as_completed --- 41.258946
  time hotel as_completed --- 41.704048
  time hotel as_completed --- 40.87685
  time hotel as_completed --- 42.406079
  time hotel as_completed --- 49.018332
  time hotel as_completed --- 41.59851
  time hotel as_completed --- 41.370111
  time hotel as_completed --- 42.043476
  time hotel as_completed --- 50.092524
  time hotel as_completed --- 41.539035
  time hotel as_completed --- 49.856306
  time hotel as_completed --- 41.596301
  time read_data_ALLDestination --- 0.508017
  time read_data_ALLDestination --- 0.271614
  time hotel as_completed --- 49.877491
  time read_data_ALLDestination --- 0.226976
  time hotel get_ALLDestination_data --- 47.435185
  time read_data_ALLDestination --- 0.45536
  time read_data_ALLDestination --- 0.301675
  time read_data_ALLDestination --- 1.009561
  time read_data_ALLDestination --- 0.252198
  time read_data_ALLDestination --- 0.232561
  time read_data_ALLDestination --- 0.477016
  time read_data_ALLDestination --- 0.343704
  time read_data_ALLDestination --- 0.22392
  time hotel get_ALLDestination_data --- 47.927938
  time read_data_ALLDestination --- 0.453598
  time read_data_ALLDestination --- 0.719861
  time read_data_ALLDestination --- 0.394875
  time read_data_ALLDestination --- 0.366444
  time read_data_ALLDestination --- 0.266058
  time read_data_ALLDestination --- 0.257835
  time read_data_ALLDestination --- 0.296784
  time read_data_ALLDestination --- 0.253531
  time hotel get_ALLDestination_data --- 48.29605
  time read_data_ALLDestination --- 0.237793
  time read_data_ALLDestination --- 0.418228
  time read_data_ALLDestination --- 0.580295
  time read_data_ALLDestination --- 0.607812
  time read_data_ALLDestination --- 0.554701
  time hotel get_ALLDestination_data --- 48.182246
  time read_data_ALLDestination --- 0.847193
  time hotel get_ALLDestination_data --- 48.132378
  time hotel get_ALLDestination_data --- 47.417255
  time read_data_ALLDestination --- 0.49802
  time hotel get_ALLDestination_data --- 48.300039
  time read_data_ALLDestination --- 0.508978
  time hotel get_ALLDestination_data --- 48.172272
  time read_data_ALLDestination --- 1.331308
  time hotel get_ALLDestination_data --- 48.139359
  time hotel beforeSend --- 0.0
  time read_data_ALLDestination --- 0.097965
  time hotel get_ALLDestination_data --- 57.196454
  time hotel beforeSend --- 0.0
  time hotel get_ALLDestination_data --- 47.548462
  time hotel beforeSend --- 0.0
  time read_data_ALLDestination --- 0.487405
  time hotel get_ALLDestination_data --- 47.753906
  time hotel get_ALLDestination_data --- 56.944656
  time hotel beforeSend --- 0.0
  time hotel get_ALLDestination_data --- 57.243387
  time hotel beforeSend --- 0.0
  time hotel get_ALLDestination_data --- 56.882823
  time hotel beforeSend --- 0.0
  time read_data_ALLDestination --- 0.248814
  time hotel get_ALLDestination_data --- 57.305168
  time hotel beforeSend --- 0.0
  time BuildTour get_result --- 63.85163
  time BuildTour process_providers --- 0.0
  time hotel beforeSend --- 0.0
  time BuildTour get_result --- 58.009869
  time hotel get_ALLDestination_data --- 56.979346
  time hotel beforeSend --- 0.0
  time hotel beforeSend --- 0.0
  time hotel get_ALLDestination_data --- 48.18828
  time hotel beforeSend --- 0.0
  time hotel get_ALLDestination_data --- 48.156315
  time hotel beforeSend --- 0.0
  time hotel beforeSend --- 0.0
  time BuildTour get_result --- 63.468013
  time hotel beforeSend --- 0.0
  time hotel beforeSend --- 0.0
  time read_data_ALLDestination --- 0.749208
  time hotel get_ALLDestination_data --- 48.176266
  time hotel beforeSend --- 0.0
  time read_data_ALLDestination --- 0.465118
  time hotel get_ALLDestination_data --- 48.675047
  time hotel beforeSend --- 0.0
  time read_data_ALLDestination --- 0.495038
  time read_data_ALLDestination --- 0.502487
  time hotel get_ALLDestination_data --- 47.748039
  time read_data_ALLDestination --- 0.722548
  time hotel get_ALLDestination_data --- 57.517602
  time hotel beforeSend --- 0.0
  time read_data_ALLDestination --- 0.657953
  time hotel get_ALLDestination_data --- 48.650106
  time hotel beforeSend --- 0.0
  time read_data_ALLDestination --- 1.141342
  time hotel get_ALLDestination_data --- 47.926762
  time hotel get_ALLDestination_data --- 46.569644
  time hotel get_ALLDestination_data --- 56.942457
  time hotel get_ALLDestination_data --- 56.963402
  time hotel get_ALLDestination_data --- 48.137367
  time BuildTour get_result --- 63.461034
  time hotel get_ALLDestination_data --- 48.134374
  time BuildTour get_result --- 63.855619
  time BuildTour process_providers --- 0.0
  time BuildTour get_result --- 66.527731
  time BuildTour process_providers --- 0.0
  time BuildTour get_result --- 63.856617
  time hotel get_ALLDestination_data --- 48.133375
  time hotel get_ALLDestination_data --- 48.294057
  time hotel beforeSend --- 0.0
  time BuildTour get_result --- 60.297107
  time hotel beforeSend --- 0.0
  time BuildTour process_providers --- 0.0
  time BuildTour get_result --- 59.262879
  time BuildTour get_result --- 59.346657
  time BuildTour get_result --- 60.403827
  time BuildTour process_providers --- 0.0
  time BuildTour get_result --- 59.660818
  time BuildTour process_providers --- 0.0
  time BuildTour get_result --- 58.087668
  time read_data_ALLDestination --- 0.46815
  time hotel get_ALLDestination_data --- 48.677032
  time BuildTour get_result --- 60.545577
  time BuildTour get_result --- 58.927775
  time BuildTour process_providers --- 0.0
  time hotel get_ALLDestination_data --- 57.444796
  time hotel beforeSend --- 0.0
  time hotel get_ALLDestination_data --- 57.58143
  time hotel beforeSend --- 0.0
  time hotel get_ALLDestination_data --- 47.989394
  time BuildTour get_result --- 59.576048
  time BuildTour get_result --- 57.458758
  time hotel get_ALLDestination_data --- 48.608215
  time BuildTour get_result --- 57.616337
  time hotel beforeSend --- 0.0
  time hotel beforeSend --- 0.0
  time hotel beforeSend --- 0.0
  time hotel beforeSend --- 0.0
  time hotel beforeSend --- 0.0
  time BuildTour process_providers --- 0.0
  time BuildTour get_result --- 63.99325
  time BuildTour process_providers --- 0.0
  time hotel beforeSend --- 0.0
  time BuildTour process_providers --- 0.0
  time BuildTour get_result --- 56.992618
  time BuildTour process_providers --- 0.0
  time hotel beforeSend --- 0.0
  time hotel beforeSend --- 0.0
  time BuildTour get_result --- 56.910838
  time BuildTour process_providers --- 0.0
  time BuildTour get_result --- 60.687693
  time BuildTour process_providers --- 0.0
  time BuildTour process_providers --- 0.0
  time BuildTour process_providers --- 0.0
  time hotel beforeSend --- 0.0
  time hotel beforeSend --- 0.0
  time BuildTour process_providers --- 0.0
  time hotel get_ALLDestination_data --- 57.939057
  time hotel beforeSend --- 0.0
  time hotel beforeSend --- 0.0
  time BuildTour get_result --- 63.948371
  time hotel beforeSend --- 0.0
  time BuildTour get_result --- 63.950303
  time BuildTour process_providers --- 0.0
  time BuildTour process_providers --- 0.0
  time hotel beforeSend --- 0.0
  time BuildTour process_providers --- 0.0
  time BuildTour get_result --- 58.199361
  time BuildTour process_providers --- 0.0
  time BuildTour get_result --- 55.728695
  time BuildTour process_providers --- 0.0
  time BuildTour get_result --- 57.544529
  time BuildTour process_providers --- 0.0
  time BuildTour process_providers --- 0.0
  time hotel get_ALLDestination_data --- 47.064047
  time read_data_ALLDestination --- 0.445105
  time BuildTour get_result --- 59.921125
  time BuildTour get_result --- 57.019549
  time BuildTour process_providers --- 0.0
  time BuildTour get_result --- 66.665363
  time BuildTour process_providers --- 0.000999
  time hotel beforeSend --- 0.0
  time BuildTour get_result --- 58.122565
  time BuildTour process_providers --- 0.0
  time BuildTour get_result --- 55.792526
  time BuildTour process_providers --- 0.0
  time BuildTour process_providers --- 0.0
  time BuildTour get_result --- 59.824384
  time BuildTour process_providers --- 0.0
  time BuildTour process_providers --- 0.0
  time hotel beforeSend --- 0.0
  time hotel get_ALLDestination_data --- 57.309478
  time BuildTour process_providers --- 0.0
  time BuildTour get_result --- 57.058444
  time BuildTour get_result --- 66.743153
  time BuildTour get_result --- 57.69014
  time BuildTour process_providers --- 0.0
  time BuildTour get_result --- 64.056111
  time BuildTour process_providers --- 0.0
  time BuildTour process_providers --- 0.0
  time hotel beforeSend --- 0.0
  time BuildTour get_result --- 55.900238
  time BuildTour process_providers --- 0.0
  time BuildTour process_providers --- 0.0
  time BuildTour process_providers --- 0.0
  time BuildTour get_result --- 59.501242
  time BuildTour process_providers --- 0.0
  time BuildTour process_providers --- 0.0
  time BuildTour get_result --- 63.689421
  time BuildTour process_providers --- 0.0
  time hotel as_completed --- 61.029587
  time hotel as_completed --- 61.119772
  time hotel as_completed --- 61.14991
  time read_data_ALLDestination --- 0.182475
  time hotel get_ALLDestination_data --- 64.862896
  time hotel beforeSend --- 0.0
  time BuildTour get_result --- 72.21737
  time read_data_ALLDestination --- 0.272224
  time BuildTour process_providers --- 0.0
  time hotel get_ALLDestination_data --- 64.972594
  time read_data_ALLDestination --- 0.248412
  time hotel beforeSend --- 0.0
  time hotel get_ALLDestination_data --- 64.972713
  time hotel beforeSend --- 0.0
  time BuildTour get_result --- 71.929085
  time BuildTour process_providers --- 0.0
  time BuildTour get_result --- 74.239449
  time BuildTour process_providers --- 0.0
  time BuildTour get_analysis --- 76.610865
 "POST /build-tour-analyse/ HTTP/1.1" 200 386
  time hotel as_completed --- 71.016194
  time hotel as_completed --- 70.592314
  time hotel as_completed --- 70.626223
  time hotel as_completed --- 70.662776
  time hotel as_completed --- 71.116776
  time hotel as_completed --- 70.730584
  time read_data_ALLDestination --- 0.285071
  time hotel get_ALLDestination_data --- 74.453433
  time hotel beforeSend --- 0.0
  time BuildTour get_result --- 83.106894
  time BuildTour process_providers --- 0.0
  time read_data_ALLDestination --- 0.873768
  time hotel get_ALLDestination_data --- 75.145899
  time read_data_ALLDestination --- 0.95659
  time read_data_ALLDestination --- 1.153311
  time hotel beforeSend --- 0.0
  time read_data_ALLDestination --- 1.101717
  time read_data_ALLDestination --- 1.286335
  time hotel get_ALLDestination_data --- 75.635809
  time hotel get_ALLDestination_data --- 75.693654
  time hotel get_ALLDestination_data --- 75.673708
  time BuildTour get_result --- 84.834531
  time hotel get_ALLDestination_data --- 75.691663
  time hotel beforeSend --- 0.0
  time hotel beforeSend --- 0.0
  time hotel beforeSend --- 0.0
  time BuildTour process_providers --- 0.0
  time hotel beforeSend --- 0.0
  time BuildTour get_result --- 87.165248
  time BuildTour get_result --- 84.819572
  time BuildTour get_result --- 84.237447
  time BuildTour get_result --- 85.37866
  time BuildTour process_providers --- 0.0
  time BuildTour process_providers --- 0.0
  time BuildTour process_providers --- 0.0
  time BuildTour process_providers --- 0.0
  time BuildTour get_analysis --- 92.138648
  time BuildTour get_analysis --- 89.007509
  time BuildTour get_analysis --- 88.397366
 "POST /build-tour-analyse/ HTTP/1.1" 200 386
 "POST /build-tour-analyse/ HTTP/1.1" 200 386
 "POST /build-tour-analyse/ HTTP/1.1" 200 386
  time hotel as_completed --- 107.116344
  time read_data_ALLDestination --- 0.093749
  time hotel get_ALLDestination_data --- 110.632559
  time hotel beforeSend --- 0.0
  time BuildTour get_result --- 117.702673
  time BuildTour process_providers --- 0.0
  time hotel as_completed --- 105.083933
  time hotel as_completed --- 106.017801
  time hotel as_completed --- 105.909714
  time hotel as_completed --- 107.403136
  time read_data_ALLDestination --- 0.095133
  time hotel as_completed --- 106.242587
  time hotel as_completed --- 106.39806
  time hotel as_completed --- 107.433417
  time hotel as_completed --- 105.290052
  time hotel get_ALLDestination_data --- 108.513414
  time read_data_ALLDestination --- 0.206212
  time read_data_ALLDestination --- 0.180241
  time hotel beforeSend --- 0.0
  time hotel get_ALLDestination_data --- 111.195403
  time hotel get_ALLDestination_data --- 111.225759
  time read_data_ALLDestination --- 0.315055
  time hotel as_completed --- 107.915415
  time read_data_ALLDestination --- 0.309032
  time read_data_ALLDestination --- 0.49291
  time read_data_ALLDestination --- 0.390499
  time read_data_ALLDestination --- 0.331276
  time hotel get_ALLDestination_data --- 110.875928
  time hotel beforeSend --- 0.0
  time hotel beforeSend --- 0.0
  time hotel beforeSend --- 0.0
  time hotel get_ALLDestination_data --- 110.755177
  time hotel get_ALLDestination_data --- 111.625948
  time hotel beforeSend --- 0.0
  time hotel get_ALLDestination_data --- 109.404492
  time BuildTour get_result --- 117.723817
  time BuildTour process_providers --- 0.0
  time hotel beforeSend --- 0.0
  time BuildTour get_result --- 118.7871
  time BuildTour process_providers --- 0.0
  time BuildTour get_result --- 119.604055
  time BuildTour process_providers --- 0.0
  time hotel beforeSend --- 0.0
  time read_data_ALLDestination --- 0.080333
  time hotel as_completed --- 108.095064
  time BuildTour get_result --- 121.845095
  time BuildTour process_providers --- 0.0
  time BuildTour get_result --- 117.803111
  time hotel get_ALLDestination_data --- 110.799135
  time hotel get_ALLDestination_data --- 111.612385
  time BuildTour get_result --- 119.547298
  time BuildTour get_result --- 120.789285
  time BuildTour process_providers --- 0.0
  time hotel beforeSend --- 0.0
  time hotel beforeSend --- 0.0
  time BuildTour process_providers --- 0.0
  time BuildTour process_providers --- 0.0
  time BuildTour get_result --- 120.931118
  time read_data_ALLDestination --- 0.100828
  time BuildTour get_result --- 119.654138
  time BuildTour process_providers --- 0.0
  time hotel get_ALLDestination_data --- 113.305901
  time BuildTour process_providers --- 0.0
  time hotel beforeSend --- 0.000995
  time BuildTour get_result --- 120.946012
  time BuildTour process_providers --- 0.0
  time hotel as_completed --- 99.92
  time hotel as_completed --- 99.902047
  time hotel as_completed --- 100.373271
  time read_data_ALLDestination --- 0.19181
  time hotel get_ALLDestination_data --- 102.774633
  time hotel beforeSend --- 0.0
  time BuildTour get_result --- 112.427672
  time BuildTour process_providers --- 0.0
  time read_data_ALLDestination --- 0.194725
  time hotel get_ALLDestination_data --- 103.041942
  time hotel beforeSend --- 0.0
  time BuildTour get_result --- 112.491464
  time BuildTour process_providers --- 0.0
  time read_data_ALLDestination --- 0.422863
  time hotel get_ALLDestination_data --- 103.077357
  time hotel beforeSend --- 0.0
  time BuildTour get_result --- 115.057066
  time BuildTour process_providers --- 0.0
  time hotel as_completed --- 108.636362
  time hotel as_completed --- 100.489811
  time read_data_ALLDestination --- 0.150697
  time hotel get_ALLDestination_data --- 103.478826
  time hotel beforeSend --- 0.0
  time read_data_ALLDestination --- 0.198573
  time hotel get_ALLDestination_data --- 112.635658
  time hotel beforeSend --- 0.0
  time BuildTour get_result --- 113.084012
  time BuildTour process_providers --- 0.0
  time BuildTour get_result --- 118.958543
  time BuildTour process_providers --- 0.0
  time hotel as_completed --- 108.062177
  time hotel as_completed --- 100.765423
  time read_data_ALLDestination --- 0.15626
  time hotel get_ALLDestination_data --- 112.5853
  time hotel beforeSend --- 0.0
  time hotel as_completed --- 108.115542
  time hotel as_completed --- 108.136576
  time hotel as_completed --- 108.144504
  time hotel as_completed --- 108.52262
  time hotel as_completed --- 108.37402
  time hotel as_completed --- 108.703214
  time hotel as_completed --- 109.002277
  time BuildTour get_result --- 119.346263
  time BuildTour process_providers --- 0.0
  time read_data_ALLDestination --- 0.306227
  time hotel get_ALLDestination_data --- 104.218512
  time hotel beforeSend --- 0.0
  time BuildTour get_result --- 115.823628
  time BuildTour process_providers --- 0.0
  time read_data_ALLDestination --- 0.328627
  time hotel get_ALLDestination_data --- 112.893915
  time hotel beforeSend --- 0.0
  time read_data_ALLDestination --- 0.383502
  time hotel get_ALLDestination_data --- 113.129598
  time BuildTour get_result --- 119.272963
  time read_data_ALLDestination --- 0.416037
  time hotel beforeSend --- 0.0
  time read_data_ALLDestination --- 0.631055
  time read_data_ALLDestination --- 0.507344
  time BuildTour process_providers --- 0.0
  time hotel get_ALLDestination_data --- 113.396795
  time hotel beforeSend --- 0.0
  time hotel get_ALLDestination_data --- 113.338991
  time hotel beforeSend --- 0.0
  time BuildTour get_result --- 119.884393
  time read_data_ALLDestination --- 0.59504
  time hotel get_ALLDestination_data --- 113.339988
  time hotel beforeSend --- 0.0
  time BuildTour get_result --- 119.88545
  time BuildTour get_result --- 119.496847
  time BuildTour process_providers --- 0.0
  time read_data_ALLDestination --- 0.688905
  time hotel get_ALLDestination_data --- 113.414787
  time BuildTour process_providers --- 0.0
  time BuildTour get_result --- 119.491864
  time BuildTour process_providers --- 0.0
  time hotel get_ALLDestination_data --- 113.556411
  time hotel beforeSend --- 0.0
  time BuildTour process_providers --- 0.0
  time hotel beforeSend --- 0.0
  time BuildTour get_result --- 119.888443
  time BuildTour process_providers --- 0.0
  time BuildTour get_result --- 119.934347
  time BuildTour process_providers --- 0.0
