  time Create hotel_tasks --- 10.879367
  time Assign tasks --- 0.023936
 dolfin ----- > spend:  0.47023
 hrc ----- > spend:  0.471227
 parmis ----- > spend:  0.472224
 safiran ----- > spend:  0.475592
 rahbal ----- > spend:  0.475592
 moeindarbari ----- > spend:  0.500651
 iman ----- > spend:  0.500651
 hamood ----- > spend:  0.500651
 shayan_gasht ----- > spend:  0.501647
 yegane_fard ----- > spend:  0.501647
  time Create hotel_tasks --- 10.845442
 tak_setareh ----- > spend:  0.502644
 eram2mhd ----- > spend:  0.535563
 hamsafar ----- > spend:  0.557505
 sepid_parvaz ----- > spend:  0.563488
 darvishi ----- > spend:  0.563488
  time Assign tasks --- 0.020943
 iman ----- > spend:  0.04787
 kimiya ----- > spend:  0.04787
 safiran ----- > spend:  0.04787
 kimiya ----- > spend:  0.565484
 parmis ----- > spend:  0.04787
 mehrab ----- > spend:  0.568475
 tak_setareh ----- > spend:  0.04787
 omid_oj ----- > spend:  0.569473
 shayan_gasht ----- > spend:  0.048868
 flamingo ----- > spend:  0.570472
 dayan ----- > spend:  0.575457
 sepid_parvaz ----- > spend:  0.049867
 hamood ----- > spend:  0.05585
 hamsafar ----- > spend:  0.060836
 omid_oj ----- > spend:  0.060836
 eram2mhd ----- > spend:  0.061833
 mehrab ----- > spend:  0.065823
 hrc ----- > spend:  0.065823
 darvishi ----- > spend:  0.070809
 dayan ----- > spend:  0.071807
 rahbal ----- > spend:  0.078788
 yegane_fard ----- > spend:  0.078788
 moeindarbari ----- > spend:  0.078788
 flamingo ----- > spend:  0.079786
 dolfin ----- > spend:  0.079786
  time Create hotel_tasks --- 10.05556
  time Create hotel_tasks --- 10.220126
  time Assign tasks --- 0.048869
  time Assign tasks --- 0.027925
 eram2mhd ----- > spend:  0.519642
 parmis ----- > spend:  0.520641
 safiran ----- > spend:  0.520641
 sepid_parvaz ----- > spend:  0.520641
 hamood ----- > spend:  0.520641
 moeindarbari ----- > spend:  0.520641
 yegane_fard ----- > spend:  0.520641
 flamingo ----- > spend:  0.521637
 tak_setareh ----- > spend:  0.521637
 rahbal ----- > spend:  0.521637
 omid_oj ----- > spend:  0.521637
 hamsafar ----- > spend:  0.521637
 dayan ----- > spend:  0.521637
 darvishi ----- > spend:  0.521637
 iman ----- > spend:  0.521637
 hrc ----- > spend:  0.522676
 dolfin ----- > spend:  0.522676
 kimiya ----- > spend:  0.522676
 shayan_gasht ----- > spend:  0.522676
 mehrab ----- > spend:  0.522676
 dolfin ----- > spend:  0.495707
 flamingo ----- > spend:  0.565562
  time Create hotel_tasks --- 10.762742
 safiran ----- > spend:  0.566558
 hamood ----- > spend:  0.59249
 moeindarbari ----- > spend:  0.593487
 rahbal ----- > spend:  0.593487
 snapp ----- > spend:  1.221803
 darvishi ----- > spend:  0.596549
  time Assign tasks --- 0.029991
  time Create hotel_tasks --- 11.689271
 darvishi ----- > spend:  0.03398
  time Assign tasks --- 0.022981
 mehrab ----- > spend:  0.060952
  time Create hotel_tasks --- 10.583226
 yegane_fard ----- > spend:  0.599542
 tak_setareh ----- > spend:  0.667564
 iman ----- > spend:  0.668573
 hamsafar ----- > spend:  0.673551
 shayan_gasht ----- > spend:  0.675544
  time Assign tasks --- 0.034069
 rahbal ----- > spend:  0.034069
 mehrab ----- > spend:  0.679532
 moeindarbari ----- > spend:  0.034069
 sepid_parvaz ----- > spend:  0.679532
 kimiya ----- > spend:  0.037062
 darvishi ----- > spend:  0.029964
 rahbal ----- > spend:  0.067933
  time Create hotel_tasks --- 11.559799
 tak_setareh ----- > spend:  0.042049
 shayan_gasht ----- > spend:  0.122947
 flamingo ----- > spend:  0.070973
 kimiya ----- > spend:  0.683521
  time Assign tasks --- 0.021942
 parmis ----- > spend:  0.730397
 sepid_parvaz ----- > spend:  0.084978
 omid_oj ----- > spend:  0.739373
 eram2mhd ----- > spend:  0.134844
 tak_setareh ----- > spend:  0.136839
 safiran ----- > spend:  0.140827
 kimiya ----- > spend:  0.140827
 rahbal ----- > spend:  0.140827
 hamood ----- > spend:  0.140827
 hamsafar ----- > spend:  0.140827
 dolfin ----- > spend:  0.140827
 parmis ----- > spend:  0.072966
 dayan ----- > spend:  0.740369
 dayan ----- > spend:  0.103883
 eram2mhd ----- > spend:  0.753335
 darvishi ----- > spend:  0.107872
 hrc ----- > spend:  0.753335
 yegane_fard ----- > spend:  0.10887
 hrc ----- > spend:  0.141825
 hamsafar ----- > spend:  0.109869
 hrc ----- > spend:  0.11585
 hamood ----- > spend:  0.11585
 eram2mhd ----- > spend:  0.11585
 sepid_parvaz ----- > spend:  0.11585
 iman ----- > spend:  0.116849
 mehrab ----- > spend:  0.116849
 omid_oj ----- > spend:  0.116849
 parmis ----- > spend:  0.149875
 shayan_gasht ----- > spend:  0.116849
 yegane_fard ----- > spend:  0.150803
 iman ----- > spend:  0.19675
  time Create hotel_tasks --- 12.880364
 dolfin ----- > spend:  0.832936
 safiran ----- > spend:  2.750438
 moeindarbari ----- > spend:  1.026463
 flamingo ----- > spend:  2.795359
 mehrab ----- > spend:  2.795359
 omid_oj ----- > spend:  2.795359
 iman ----- > spend:  2.796359
 dayan ----- > spend:  2.796359
 parmis ----- > spend:  2.796359
 shayan_gasht ----- > spend:  2.79736
 eram2mhd ----- > spend:  1.222011
 hrc ----- > spend:  2.848289
 tak_setareh ----- > spend:  2.850284
 snapp ----- > spend:  3.420835
 yegane_fard ----- > spend:  2.853279
 dolfin ----- > spend:  0.039893
 moeindarbari ----- > spend:  2.748283
 safiran ----- > spend:  2.748283
 eram2mhd ----- > spend:  2.748283
 hrc ----- > spend:  2.749278
 hamood ----- > spend:  2.749278
 rahbal ----- > spend:  2.749278
 hamsafar ----- > spend:  2.749278
 yegane_fard ----- > spend:  2.750275
 darvishi ----- > spend:  2.750275
 omid_oj ----- > spend:  2.750275
 parmis ----- > spend:  2.750275
 dayan ----- > spend:  2.750275
 sepid_parvaz ----- > spend:  2.750275
 mehrab ----- > spend:  2.751279
 flamingo ----- > spend:  2.751279
 iman ----- > spend:  2.751279
 kimiya ----- > spend:  2.752275
 shayan_gasht ----- > spend:  2.752275
 tak_setareh ----- > spend:  2.752275
 eghamat ----- > spend:  4.08805
 snapp ----- > spend:  3.475692
  time Assign tasks --- 1.123004
 safiran ----- > spend:  1.560457
 eghamat ----- > spend:  3.467709
 tak_setareh ----- > spend:  1.560457
 hamood ----- > spend:  1.563448
 dolfin ----- > spend:  1.565444
 moeindarbari ----- > spend:  1.568433
 eghamat ----- > spend:  3.492641
 yegane_fard ----- > spend:  1.56943
 eghamat ----- > spend:  2.876233
 hamsafar ----- > spend:  1.573511
 snapp ----- > spend:  3.502612
 snapp ----- > spend:  2.879224
 dayan ----- > spend:  2.860261
 safiran ----- > spend:  2.955521
 hamood ----- > spend:  2.956514
 sepid_parvaz ----- > spend:  2.956514
 dolfin ----- > spend:  2.956514
 omid_oj ----- > spend:  2.956514
 flamingo ----- > spend:  2.957509
 hamsafar ----- > spend:  2.957509
 moeindarbari ----- > spend:  2.957509
 kimiya ----- > spend:  2.957509
  time Create hotel_tasks --- 13.200647
  time Create hotel_tasks --- 13.165742
 eghamat ----- > spend:  3.592462
 flamingo ----- > spend:  1.575503
  time Assign tasks --- 0.154585
 iman ----- > spend:  0.237562
 kimiya ----- > spend:  0.239556
 tak_setareh ----- > spend:  0.240555
 eram2mhd ----- > spend:  0.240555
 omid_oj ----- > spend:  0.241553
 mehrab ----- > spend:  0.241553
  time Create hotel_tasks --- 15.053696
 dayan ----- > spend:  0.241553
  time Assign tasks --- 0.19149
 hamood ----- > spend:  0.24754
 parmis ----- > spend:  0.24754
 dolfin ----- > spend:  0.357514
 sepid_parvaz ----- > spend:  0.368488
  time Create hotel_tasks --- 15.231688
 mehrab ----- > spend:  0.249535
 iman ----- > spend:  3.304855
  time Create hotel_tasks --- 13.438213
 yegane_fard ----- > spend:  3.305852
 darvishi ----- > spend:  3.313831
 shayan_gasht ----- > spend:  3.313831
 yegane_fard ----- > spend:  0.389432
 safiran ----- > spend:  3.386634
 moeindarbari ----- > spend:  3.396608
 hamsafar ----- > spend:  3.396608
 hamood ----- > spend:  3.396608
 shayan_gasht ----- > spend:  3.396608
 hrc ----- > spend:  3.396608
 flamingo ----- > spend:  3.396608
 darvishi ----- > spend:  3.396608
 rahbal ----- > spend:  3.398603
  time Assign tasks --- 0.205724
 eghamat ----- > spend:  3.739108
  time Assign tasks --- 1.100274
 eghamat ----- > spend:  4.730346
 eghamat ----- > spend:  5.11516
 iman ----- > spend:  3.012164
 snapp ----- > spend:  6.396007
 snapp ----- > spend:  6.319097
 snapp ----- > spend:  6.26508
 flamingo ----- > spend:  3.013161
 dolfin ----- > spend:  3.014159
 eram2mhd ----- > spend:  3.014159
 shayan_gasht ----- > spend:  3.014159
 yegane_fard ----- > spend:  3.014159
 safiran ----- > spend:  3.014159
 hrc ----- > spend:  3.015155
 kimiya ----- > spend:  3.015155
 hamood ----- > spend:  3.015155
 sepid_parvaz ----- > spend:  3.015155
 hamsafar ----- > spend:  3.015155
 omid_oj ----- > spend:  3.015155
 mehrab ----- > spend:  3.015155
 tak_setareh ----- > spend:  3.016154
 moeindarbari ----- > spend:  3.016154
 darvishi ----- > spend:  3.016154
 dayan ----- > spend:  3.016154
 parmis ----- > spend:  3.016154
 rahbal ----- > spend:  3.016154
 flamingo ----- > spend:  3.313831
  time Create hotel_tasks --- 18.323642
  time Create hotel_tasks --- 18.114246
 parmis ----- > spend:  3.444527
  time Assign tasks --- 0.068817
 moeindarbari ----- > spend:  0.476851
  time Assign tasks --- 0.352137
 moeindarbari ----- > spend:  0.353133
 darvishi ----- > spend:  0.353133
 kimiya ----- > spend:  0.476851
 tak_setareh ----- > spend:  0.353133
 dayan ----- > spend:  0.508765
 iman ----- > spend:  0.392032
 iman ----- > spend:  0.538686
  time Assign tasks --- 0.413971
 eram2mhd ----- > spend:  0.42695
 eram2mhd ----- > spend:  3.171008
 kimiya ----- > spend:  0.513706
 hrc ----- > spend:  0.530777
 parmis ----- > spend:  3.745677
 omid_oj ----- > spend:  0.546697
 darvishi ----- > spend:  0.5457
 omid_oj ----- > spend:  3.759639
 yegane_fard ----- > spend:  0.555672
 tak_setareh ----- > spend:  0.55667
 mehrab ----- > spend:  1.768413
 hrc ----- > spend:  5.635966
 iman ----- > spend:  5.635966
 eram2mhd ----- > spend:  5.635966
 kimiya ----- > spend:  5.635966
  time Create hotel_tasks --- 17.347455
 parmis ----- > spend:  5.636964
 yegane_fard ----- > spend:  3.761634
 hrc ----- > spend:  0.559662
 jimboo ----- > spend:  7.341597
  time Assign tasks --- 0.074014
 hamood ----- > spend:  0.096951
 tak_setareh ----- > spend:  0.099947
 kimiya ----- > spend:  0.100941
 iman ----- > spend:  0.100941
 darvishi ----- > spend:  0.100941
 flamingo ----- > spend:  0.603513
 rahbal ----- > spend:  0.796338
  time Create hotel_tasks --- 18.790811
 tak_setareh ----- > spend:  0.796338
 tak_setareh ----- > spend:  3.859585
 hrc ----- > spend:  0.799332
 hamsafar ----- > spend:  3.872623
 dolfin ----- > spend:  0.802323
 jimboo ----- > spend:  7.832282
 mehrab ----- > spend:  3.874596
 sepid_parvaz ----- > spend:  0.655618
 sepid_parvaz ----- > spend:  0.806312
 shayan_gasht ----- > spend:  5.637962
 dayan ----- > spend:  3.882651
 parmis ----- > spend:  0.679681
 safiran ----- > spend:  0.813372
 darvishi ----- > spend:  5.760974
  time Assign tasks --- 0.023015
 sepid_parvaz ----- > spend:  3.891626
 dayan ----- > spend:  0.557667
 hamsafar ----- > spend:  0.824343
 eram2mhd ----- > spend:  3.445526
 rahbal ----- > spend:  0.032991
 dolfin ----- > spend:  0.040073
 shayan_gasht ----- > spend:  0.041071
 tak_setareh ----- > spend:  0.041071
 safiran ----- > spend:  0.041071
 hamsafar ----- > spend:  0.688659
 iman ----- > spend:  0.706712
 eram2mhd ----- > spend:  0.041071
 dolfin ----- > spend:  0.70771
 sepid_parvaz ----- > spend:  4.148249
 hamsafar ----- > spend:  0.047055
 omid_oj ----- > spend:  4.169192
 sepid_parvaz ----- > spend:  0.059022
 omid_oj ----- > spend:  0.834418
 kimiya ----- > spend:  4.169192
 hamood ----- > spend:  0.060019
 mehrab ----- > spend:  0.713693
 shayan_gasht ----- > spend:  0.857356
 rahbal ----- > spend:  4.170189
 mehrab ----- > spend:  0.060019
 kimiya ----- > spend:  3.904702
 moeindarbari ----- > spend:  3.933618
  time Create hotel_tasks --- 19.613841
 dolfin ----- > spend:  3.933618
 safiran ----- > spend:  0.725661
 hamsafar ----- > spend:  0.101939
 hamsafar ----- > spend:  0.700735
 hamood ----- > spend:  3.934614
 flamingo ----- > spend:  0.730647
 moeindarbari ----- > spend:  4.173182
 parmis ----- > spend:  0.169987
 darvishi ----- > spend:  3.93661
 parmis ----- > spend:  0.731645
 eram2mhd ----- > spend:  0.732643
 sepid_parvaz ----- > spend:  5.770947
 sepid_parvaz ----- > spend:  0.178082
 flamingo ----- > spend:  3.945703
  time Assign tasks --- 0.02215
 rahbal ----- > spend:  0.7528
 darvishi ----- > spend:  0.858354
 omid_oj ----- > spend:  5.829104
 omid_oj ----- > spend:  0.194134
 dolfin ----- > spend:  4.182314
  time Create hotel_tasks --- 17.320087
 yegane_fard ----- > spend:  0.895517
 rahbal ----- > spend:  5.841178
 dayan ----- > spend:  0.20521
 tak_setareh ----- > spend:  4.212393
  time Create hotel_tasks --- 17.983199
 mehrab ----- > spend:  0.747764
 rahbal ----- > spend:  0.217178
 dayan ----- > spend:  4.228351
 shayan_gasht ----- > spend:  3.961803
 dolfin ----- > spend:  0.030181
 rahbal ----- > spend:  4.010727
 iman ----- > spend:  0.082098
 flamingo ----- > spend:  0.084091
 hamood ----- > spend:  0.760829
 iman ----- > spend:  4.017709
 eram2mhd ----- > spend:  0.085089
 yegane_fard ----- > spend:  0.815738
 moeindarbari ----- > spend:  0.232138
  time Create hotel_tasks --- 18.870143
 safiran ----- > spend:  0.101046
 safiran ----- > spend:  4.241315
 shayan_gasht ----- > spend:  0.852639
 shayan_gasht ----- > spend:  0.302949
  time Assign tasks --- 0.029921
 hamsafar ----- > spend:  4.448762
 tak_setareh ----- > spend:  0.242667
 omid_oj ----- > spend:  1.057246
 hrc ----- > spend:  0.593444
 shayan_gasht ----- > spend:  0.389231
  time Assign tasks --- 0.374271
 hrc ----- > spend:  4.74356
 hamood ----- > spend:  0.663324
 dayan ----- > spend:  1.467761
 snapp ----- > spend:  4.944205
 dolfin ----- > spend:  0.93802
 dayan ----- > spend:  0.74079
 parmis ----- > spend:  0.904547
 shayan_gasht ----- > spend:  0.755141
 hrc ----- > spend:  0.063012
 snapp ----- > spend:  5.004434
 moeindarbari ----- > spend:  0.845213
 hrc ----- > spend:  4.027682
 moeindarbari ----- > spend:  1.701363
 flamingo ----- > spend:  1.169714
 hamood ----- > spend:  0.966501
 dolfin ----- > spend:  0.956527
 eram2mhd ----- > spend:  1.873042
 yegane_fard ----- > spend:  1.079693
 jimboo ----- > spend:  5.191858
 rahbal ----- > spend:  1.023662
 safiran ----- > spend:  4.962269
 kimiya ----- > spend:  0.97655
 eram2mhd ----- > spend:  0.99151
 hamood ----- > spend:  1.895983
 eram2mhd ----- > spend:  1.200632
 moeindarbari ----- > spend:  1.099641
 mehrab ----- > spend:  1.034634
 snapp ----- > spend:  4.968252
 dayan ----- > spend:  0.978469
 tak_setareh ----- > spend:  0.993429
 mehrab ----- > spend:  1.896978
 yegane_fard ----- > spend:  1.204619
 kimiya ----- > spend:  1.100635
 omid_oj ----- > spend:  1.035628
 eghamat ----- > spend:  4.969246
 tak_setareh ----- > spend:  0.979463
 yegane_fard ----- > spend:  0.994423
 safiran ----- > spend:  1.205618
 darvishi ----- > spend:  1.101634
 shayan_gasht ----- > spend:  1.036627
 hrc ----- > spend:  0.981459
 kimiya ----- > spend:  0.996419
 mehrab ----- > spend:  1.206615
 parmis ----- > spend:  1.102631
 yegane_fard ----- > spend:  1.03862
 yegane_fard ----- > spend:  0.982455
 flamingo ----- > spend:  0.997415
 flamingo ----- > spend:  1.103627
 dayan ----- > spend:  1.03862
 safiran ----- > spend:  0.983471
 parmis ----- > spend:  0.998431
 iman ----- > spend:  1.104643
 parmis ----- > spend:  1.039636
 hamsafar ----- > spend:  0.983471
 omid_oj ----- > spend:  1.105792
 hrc ----- > spend:  0.99958
 hamsafar ----- > spend:  1.040785
 hamood ----- > spend:  0.98462
 dayan ----- > spend:  1.106621
 hamsafar ----- > spend:  1.000409
 moeindarbari ----- > spend:  0.985449
 sepid_parvaz ----- > spend:  1.041614
 mehrab ----- > spend:  1.001408
 eram2mhd ----- > spend:  0.986448
 kimiya ----- > spend:  1.043608
 sepid_parvaz ----- > spend:  1.002403
 mehrab ----- > spend:  0.987443
 hrc ----- > spend:  1.043608
 dolfin ----- > spend:  1.002403
 darvishi ----- > spend:  0.988441
 darvishi ----- > spend:  1.044606
 omid_oj ----- > spend:  1.003401
 parmis ----- > spend:  0.988441
 darvishi ----- > spend:  1.003401
 sepid_parvaz ----- > spend:  0.988441
 moeindarbari ----- > spend:  1.004398
 flamingo ----- > spend:  0.989438
 iman ----- > spend:  1.004398
 omid_oj ----- > spend:  0.989438
 safiran ----- > spend:  1.004398
 rahbal ----- > spend:  0.989438
 rahbal ----- > spend:  1.005397
 iman ----- > spend:  0.990437
 dayan ----- > spend:  5.851149
 snapp ----- > spend:  6.854551
  time Assign tasks --- 0.768933
 kimiya ----- > spend:  0.854792
 flamingo ----- > spend:  0.854792
 yegane_fard ----- > spend:  0.854792
 darvishi ----- > spend:  0.854792
 shayan_gasht ----- > spend:  0.854792
 omid_oj ----- > spend:  0.854792
 sepid_parvaz ----- > spend:  0.85579
 tak_setareh ----- > spend:  0.85579
 parmis ----- > spend:  0.85579
 mehrab ----- > spend:  0.85579
 moeindarbari ----- > spend:  0.859781
 hamsafar ----- > spend:  0.859781
 eram2mhd ----- > spend:  0.860776
 iman ----- > spend:  0.860776
 hrc ----- > spend:  0.860776
 dolfin ----- > spend:  0.860776
 rahbal ----- > spend:  0.860776
 safiran ----- > spend:  0.860776
 hamood ----- > spend:  0.860776
 dayan ----- > spend:  0.861773
 rahbal ----- > spend:  0.791803
 sepid_parvaz ----- > spend:  1.800187
 flamingo ----- > spend:  1.801186
 safiran ----- > spend:  1.801186
 shayan_gasht ----- > spend:  1.801186
 kimiya ----- > spend:  1.801186
 dolfin ----- > spend:  1.801186
 hamood ----- > spend:  1.806265
  time Create hotel_tasks --- 18.37265
  time Create hotel_tasks --- 20.217717
  time Create hotel_tasks --- 19.243295
  time Assign tasks --- 0.081892
 dolfin ----- > spend:  0.082889
 hrc ----- > spend:  0.085882
 iman ----- > spend:  0.087871
 tak_setareh ----- > spend:  0.089869
 safiran ----- > spend:  0.09295
 darvishi ----- > spend:  0.095941
 dayan ----- > spend:  0.09794
 shayan_gasht ----- > spend:  0.099932
 hamood ----- > spend:  0.10193
 eram2mhd ----- > spend:  0.106916
 yegane_fard ----- > spend:  0.10891
 rahbal ----- > spend:  0.10891
 sepid_parvaz ----- > spend:  0.10991
 omid_oj ----- > spend:  0.10991
 hamsafar ----- > spend:  0.10991
 kimiya ----- > spend:  0.10991
 mehrab ----- > spend:  0.110904
 moeindarbari ----- > spend:  0.110904
 parmis ----- > spend:  0.110904
 flamingo ----- > spend:  0.111904
 eghamat ----- > spend:  7.594101
 jimboo ----- > spend:  10.569567
 eghamat ----- > spend:  7.605079
 snapp ----- > spend:  4.177499
 eghamat ----- > spend:  9.264777
 snapp ----- > spend:  7.228606
 eghamat ----- > spend:  7.233602
 jimboo ----- > spend:  11.18699
 eghamat ----- > spend:  4.207536
 eghamat ----- > spend:  4.212518
  time Create hotel_tasks --- 18.455428
  time Create hotel_tasks --- 21.499591
  time Assign tasks --- 0.047371
 parmis ----- > spend:  0.054351
 yegane_fard ----- > spend:  0.065482
 omid_oj ----- > spend:  0.066442
 dayan ----- > spend:  0.069568
 sepid_parvaz ----- > spend:  0.080667
  time Assign tasks --- 0.058462
 rahbal ----- > spend:  0.085654
 hrc ----- > spend:  0.063572
 yegane_fard ----- > spend:  0.071678
 kimiya ----- > spend:  0.09591
 parmis ----- > spend:  0.073672
 tak_setareh ----- > spend:  0.102859
 mehrab ----- > spend:  0.076755
 flamingo ----- > spend:  0.108974
 dolfin ----- > spend:  0.086729
 hamsafar ----- > spend:  0.11791
 iman ----- > spend:  0.124449
 moeindarbari ----- > spend:  0.094261
 shayan_gasht ----- > spend:  0.128441
 safiran ----- > spend:  0.102244
 eram2mhd ----- > spend:  0.129436
 darvishi ----- > spend:  0.104236
 dolfin ----- > spend:  0.132424
 hamood ----- > spend:  0.10623
 dayan ----- > spend:  0.108227
 flamingo ----- > spend:  0.108227
 moeindarbari ----- > spend:  0.133422
 rahbal ----- > spend:  0.110218
 safiran ----- > spend:  0.138408
  time Create hotel_tasks --- 20.568907
 snapp ----- > spend:  4.360897
 eghamat ----- > spend:  3.806221
 sepid_parvaz ----- > spend:  0.1172
 darvishi ----- > spend:  0.14639
  time Assign tasks --- 2.142648
  time Assign tasks --- 2.133673
 tak_setareh ----- > spend:  0.127175
 mehrab ----- > spend:  0.159311
 yegane_fard ----- > spend:  2.568552
 iman ----- > spend:  2.57365
 iman ----- > spend:  0.160155
 hamood ----- > spend:  0.191332
  time Assign tasks --- 0.051926
 flamingo ----- > spend:  2.603735
 darvishi ----- > spend:  2.594591
 snapp ----- > spend:  4.15142
 hamsafar ----- > spend:  0.179282
 hrc ----- > spend:  0.210369
 parmis ----- > spend:  0.068967
 rahbal ----- > spend:  2.622605
 mehrab ----- > spend:  2.614629
 shayan_gasht ----- > spend:  0.12924
 eghamat ----- > spend:  4.595906
 hamsafar ----- > spend:  2.681879
 shayan_gasht ----- > spend:  0.231482
 parmis ----- > spend:  2.671907
 eram2mhd ----- > spend:  0.260405
 dolfin ----- > spend:  0.134237
 kimiya ----- > spend:  0.266492
 moeindarbari ----- > spend:  0.146299
  time Create hotel_tasks --- 21.185278
 omid_oj ----- > spend:  0.267488
 eram2mhd ----- > spend:  0.147295
 shayan_gasht ----- > spend:  2.682881
 hamood ----- > spend:  0.151283
 rahbal ----- > spend:  2.691955
  time Create hotel_tasks --- 22.886734
 kimiya ----- > spend:  0.155275
 iman ----- > spend:  2.690855
 sepid_parvaz ----- > spend:  2.700933
  time Create hotel_tasks --- 23.006314
  time Assign tasks --- 0.083873
 eram2mhd ----- > spend:  0.092853
 moeindarbari ----- > spend:  2.721871
 safiran ----- > spend:  0.105814
 hrc ----- > spend:  0.16824
 hamsafar ----- > spend:  2.717983
 mehrab ----- > spend:  2.821706
  time Assign tasks --- 0.119773
 rahbal ----- > spend:  0.132739
 eram2mhd ----- > spend:  2.850625
 yegane_fard ----- > spend:  0.302972
 moeindarbari ----- > spend:  3.075114
 dolfin ----- > spend:  3.138046
 flamingo ----- > spend:  0.572347
 kimiya ----- > spend:  3.156002
 parmis ----- > spend:  0.183698
 tak_setareh ----- > spend:  0.659319
 omid_oj ----- > spend:  3.289754
 kimiya ----- > spend:  0.205639
 darvishi ----- > spend:  0.799942
 iman ----- > spend:  0.591812
 hrc ----- > spend:  3.740547
 snapp ----- > spend:  5.282099
 hamood ----- > spend:  1.181236
 snapp ----- > spend:  5.498779
 rahbal ----- > spend:  1.730584
 tak_setareh ----- > spend:  4.308271
  time Assign tasks --- 0.276356
 hrc ----- > spend:  1.545375
 moeindarbari ----- > spend:  1.546375
 shayan_gasht ----- > spend:  1.546375
 flamingo ----- > spend:  1.546375
 yegane_fard ----- > spend:  1.546375
 safiran ----- > spend:  1.546375
 rahbal ----- > spend:  1.547374
 hamood ----- > spend:  1.547374
 sepid_parvaz ----- > spend:  1.547374
 omid_oj ----- > spend:  1.547374
 tak_setareh ----- > spend:  1.548369
 hamsafar ----- > spend:  1.548369
 eram2mhd ----- > spend:  1.548369
 dolfin ----- > spend:  1.548369
 kimiya ----- > spend:  1.549368
 mehrab ----- > spend:  1.549368
 dayan ----- > spend:  1.549368
 iman ----- > spend:  1.549368
 parmis ----- > spend:  1.55049
 darvishi ----- > spend:  1.55049
 parmis ----- > spend:  2.870664
 kimiya ----- > spend:  1.592347
 tak_setareh ----- > spend:  1.621267
 safiran ----- > spend:  4.31023
 shayan_gasht ----- > spend:  1.639223
 mehrab ----- > spend:  1.685766
 dayan ----- > spend:  4.442544
 yegane_fard ----- > spend:  1.793478
 yegane_fard ----- > spend:  1.765556
 snapp ----- > spend:  5.613999
 yegane_fard ----- > spend:  4.51345
 shayan_gasht ----- > spend:  1.861485
 dayan ----- > spend:  1.860492
  time Create hotel_tasks --- 24.325486
  time Create hotel_tasks --- 25.106403
 dolfin ----- > spend:  4.34414
  time Create hotel_tasks --- 24.99482
 flamingo ----- > spend:  4.615471
 hamood ----- > spend:  4.825117
 flamingo ----- > spend:  1.914607
 hrc ----- > spend:  2.161089
 sepid_parvaz ----- > spend:  1.769556
 eram2mhd ----- > spend:  2.174053
 hamsafar ----- > spend:  1.927508
 parmis ----- > spend:  2.965369
 omid_oj ----- > spend:  3.009291
  time Assign tasks --- 0.90102
 sepid_parvaz ----- > spend:  3.01723
 tak_setareh ----- > spend:  0.991951
 flamingo ----- > spend:  3.106253
 snapp ----- > spend:  6.695976
 dayan ----- > spend:  3.120246
 hamsafar ----- > spend:  1.007022
 hrc ----- > spend:  3.167091
 sepid_parvaz ----- > spend:  1.065877
 darvishi ----- > spend:  3.175106
 darvishi ----- > spend:  1.066838
 moeindarbari ----- > spend:  3.176067
 hrc ----- > spend:  1.066838
 iman ----- > spend:  3.176067
 moeindarbari ----- > spend:  1.066838
 dolfin ----- > spend:  3.176067
 shayan_gasht ----- > spend:  1.066838
 mehrab ----- > spend:  1.067835
 parmis ----- > spend:  1.067835
 hamood ----- > spend:  1.067835
 flamingo ----- > spend:  1.067835
 kimiya ----- > spend:  1.067835
 rahbal ----- > spend:  1.068833
 eram2mhd ----- > spend:  1.068833
 dayan ----- > spend:  1.068833
 dolfin ----- > spend:  1.068833
 omid_oj ----- > spend:  1.068833
 iman ----- > spend:  1.068833
 yegane_fard ----- > spend:  1.068833
 safiran ----- > spend:  1.068833
  time Create hotel_tasks --- 24.846216
  time Create hotel_tasks --- 25.199268
 sepid_parvaz ----- > spend:  4.788066
  time Assign tasks --- 0.042053
 hamsafar ----- > spend:  0.044048
 shayan_gasht ----- > spend:  5.92104
 sepid_parvaz ----- > spend:  0.044048
 rahbal ----- > spend:  0.047063
 darvishi ----- > spend:  5.923035
 eghamat ----- > spend:  5.474786
 snapp ----- > spend:  7.024337
 tak_setareh ----- > spend:  2.442679
 sepid_parvaz ----- > spend:  3.284013
 rahbal ----- > spend:  3.284013
 moeindarbari ----- > spend:  3.284013
 omid_oj ----- > spend:  3.284013
 darvishi ----- > spend:  3.284013
 hamsafar ----- > spend:  3.284013
 dolfin ----- > spend:  3.284013
 mehrab ----- > spend:  3.285011
 safiran ----- > spend:  3.285011
 hamood ----- > spend:  3.285011
 safiran ----- > spend:  2.488901
 omid_oj ----- > spend:  3.44826
 hamsafar ----- > spend:  3.44826
 dayan ----- > spend:  3.44826
 mehrab ----- > spend:  3.449256
 iman ----- > spend:  3.449256
 jimboo ----- > spend:  13.34978
  time Assign tasks --- 0.511386
  time Assign tasks --- 0.61441
 jimboo ----- > spend:  14.311361
 hamsafar ----- > spend:  1.252721
 shayan_gasht ----- > spend:  0.054023
 omid_oj ----- > spend:  1.274665
 hrc ----- > spend:  1.253719
 dayan ----- > spend:  5.936
 dayan ----- > spend:  0.122908
 parmis ----- > spend:  1.254717
 yegane_fard ----- > spend:  1.276659
 omid_oj ----- > spend:  6.001895
 dolfin ----- > spend:  0.123904
  time Assign tasks --- 0.046943
 shayan_gasht ----- > spend:  1.255713
 parmis ----- > spend:  1.277657
 eram2mhd ----- > spend:  6.003889
 darvishi ----- > spend:  0.087899
 moeindarbari ----- > spend:  0.124902
 mehrab ----- > spend:  1.257707
 hrc ----- > spend:  1.278653
 safiran ----- > spend:  6.004885
 flamingo ----- > spend:  0.087899
 hrc ----- > spend:  0.125898
 rahbal ----- > spend:  0.090894
 eram2mhd ----- > spend:  1.259703
 kimiya ----- > spend:  6.00788
 tak_setareh ----- > spend:  0.092887
 rahbal ----- > spend:  1.263694
  time Create hotel_tasks --- 24.441368
 safiran ----- > spend:  0.129888
 hamood ----- > spend:  6.010872
 sepid_parvaz ----- > spend:  1.281648
 iman ----- > spend:  0.093886
 yegane_fard ----- > spend:  1.263694
  time Create hotel_tasks --- 25.707981
 hamood ----- > spend:  0.133877
 tak_setareh ----- > spend:  6.012864
  time Create hotel_tasks --- 24.610913
 hamsafar ----- > spend:  0.098871
  time Create hotel_tasks --- 26.236567
 safiran ----- > spend:  1.270674
 hamood ----- > spend:  1.287631
 omid_oj ----- > spend:  0.143852
 hrc ----- > spend:  6.023835
 dayan ----- > spend:  0.111837
 flamingo ----- > spend:  1.286629
 flamingo ----- > spend:  1.315554
 kimiya ----- > spend:  0.16684
  time Assign tasks --- 0.050008
 moeindarbari ----- > spend:  0.166796
  time Create hotel_tasks --- 24.902237
  time Assign tasks --- 0.083065
  time Assign tasks --- 0.084061
 dolfin ----- > spend:  1.362715
 dolfin ----- > spend:  1.38874
 omid_oj ----- > spend:  0.122051
 yegane_fard ----- > spend:  0.244962
 safiran ----- > spend:  0.219975
 dayan ----- > spend:  0.14824
 safiran ----- > spend:  1.431918
 iman ----- > spend:  0.283117
  time Assign tasks --- 0.113127
 darvishi ----- > spend:  0.126213
 parmis ----- > spend:  0.250135
 mehrab ----- > spend:  0.125243
 hamood ----- > spend:  0.16021
 hamood ----- > spend:  1.405949
 tak_setareh ----- > spend:  1.446842
 hamsafar ----- > spend:  1.457814
  time Assign tasks --- 0.034119
 eram2mhd ----- > spend:  0.147277
 mehrab ----- > spend:  0.156254
 shayan_gasht ----- > spend:  0.263075
  time Create hotel_tasks --- 23.208299
 omid_oj ----- > spend:  0.155222
 flamingo ----- > spend:  0.172175
 eram2mhd ----- > spend:  0.296082
 rahbal ----- > spend:  1.458811
 omid_oj ----- > spend:  1.435869
 shayan_gasht ----- > spend:  0.156222
 hrc ----- > spend:  0.043096
 rahbal ----- > spend:  0.165199
 hamood ----- > spend:  0.270053
 hamsafar ----- > spend:  0.164197
 iman ----- > spend:  0.181153
 mehrab ----- > spend:  0.326003
 moeindarbari ----- > spend:  1.479755
 kimiya ----- > spend:  1.460804
 kimiya ----- > spend:  0.188138
 safiran ----- > spend:  0.077005
 sepid_parvaz ----- > spend:  0.213171
 sepid_parvaz ----- > spend:  0.335976
 dayan ----- > spend:  0.239215
 hrc ----- > spend:  0.256131
  time Assign tasks --- 0.084041
 tak_setareh ----- > spend:  0.394087
 darvishi ----- > spend:  2.885496
 jimboo ----- > spend:  15.848886
 snapp ----- > spend:  8.41775
 dayan ----- > spend:  2.474496
 safiran ----- > spend:  1.696603
 eghamat ----- > spend:  5.361795
 jimboo ----- > spend:  10.043371
 eghamat ----- > spend:  9.003182
 eghamat ----- > spend:  5.422438
 eghamat ----- > spend:  9.144813
 eghamat ----- > spend:  8.216117
 dayan ----- > spend:  2.055216
 iman ----- > spend:  2.351332
 hamood ----- > spend:  2.351332
 yegane_fard ----- > spend:  2.181311
 eghamat ----- > spend:  5.914704
 dolfin ----- > spend:  2.426788
 snapp ----- > spend:  6.275828
 shayan_gasht ----- > spend:  2.476414
 rahbal ----- > spend:  2.504339
 dolfin ----- > spend:  2.504339
 eram2mhd ----- > spend:  2.505335
 mehrab ----- > spend:  2.505335
 kimiya ----- > spend:  2.505335
 sepid_parvaz ----- > spend:  2.299252
 shayan_gasht ----- > spend:  2.32917
 eghamat ----- > spend:  8.378678
 shayan_gasht ----- > spend:  2.351332
 omid_oj ----- > spend:  2.473424
 eghamat ----- > spend:  6.111953
 darvishi ----- > spend:  2.610293
 parmis ----- > spend:  2.506333
 moeindarbari ----- > spend:  3.742102
 shayan_gasht ----- > spend:  3.764045
 omid_oj ----- > spend:  2.45946
 eghamat ----- > spend:  9.537655
 hrc ----- > spend:  2.586257
 moeindarbari ----- > spend:  2.32917
 parmis ----- > spend:  2.439515
 darvishi ----- > spend:  2.405176
 flamingo ----- > spend:  2.526282
 parmis ----- > spend:  2.670134
 sepid_parvaz ----- > spend:  3.801943
 tak_setareh ----- > spend:  2.538249
 darvishi ----- > spend:  3.823886
 tak_setareh ----- > spend:  2.519301
 yegane_fard ----- > spend:  2.633132
 omid_oj ----- > spend:  2.362081
 iman ----- > spend:  2.525282
 moeindarbari ----- > spend:  2.408168
 safiran ----- > spend:  2.530271
 flamingo ----- > spend:  2.673124
 tak_setareh ----- > spend:  3.804933
 darvishi ----- > spend:  2.541239
 dayan ----- > spend:  2.522292
 eram2mhd ----- > spend:  3.826877
 eram2mhd ----- > spend:  2.63712
 omid_oj ----- > spend:  2.640113
 flamingo ----- > spend:  2.365073
 dolfin ----- > spend:  2.412158
 iman ----- > spend:  2.533264
 dolfin ----- > spend:  2.536256
 hamood ----- > spend:  2.536256
 iman ----- > spend:  3.808922
 moeindarbari ----- > spend:  2.525283
 parmis ----- > spend:  2.529274
 kimiya ----- > spend:  2.640113
 eram2mhd ----- > spend:  2.369063
 yegane_fard ----- > spend:  2.41515
 shayan_gasht ----- > spend:  2.536256
 moeindarbari ----- > spend:  2.528274
 dayan ----- > spend:  3.811916
 darvishi ----- > spend:  2.529274
 safiran ----- > spend:  2.545228
 yegane_fard ----- > spend:  2.756664
 mehrab ----- > spend:  2.643105
 darvishi ----- > spend:  2.372057
 hamsafar ----- > spend:  2.418144
 kimiya ----- > spend:  2.53925
 shayan_gasht ----- > spend:  2.536252
 eghamat ----- > spend:  5.955907
 eghamat ----- > spend:  9.754392
 hamood ----- > spend:  2.624022
 mehrab ----- > spend:  3.829868
 sepid_parvaz ----- > spend:  2.764643
 jimboo ----- > spend:  15.699974
 jimboo ----- > spend:  17.46841
 jimboo ----- > spend:  14.527966
 eghamat ----- > spend:  6.532272
 snapp ----- > spend:  9.346988
 eghamat ----- > spend:  7.242241
 snapp ----- > spend:  9.665139
 rahbal ----- > spend:  3.355428
 jimboo ----- > spend:  14.555692
 hamsafar ----- > spend:  4.433758
 eram2mhd ----- > spend:  3.821862
 eram2mhd ----- > spend:  4.557423
 jimboo ----- > spend:  11.411217
 sepid_parvaz ----- > spend:  4.832689
 snapp ----- > spend:  8.252025
 hamsafar ----- > spend:  5.235613
 iman ----- > spend:  6.286874
 eghamat ----- > spend:  6.469239
 eghamat ----- > spend:  5.605859
 snapp ----- > spend:  9.099539
 eghamat ----- > spend:  6.918185
 snapp ----- > spend:  9.482252
 snapp ----- > spend:  10.229428
 snapp ----- > spend:  10.21536
 eghamat ----- > spend:  6.78679
 iman ----- > spend:  6.889096
 dayan ----- > spend:  7.081222
 mehrab ----- > spend:  6.960116
 flamingo ----- > spend:  7.07723
 hamsafar ----- > spend:  7.073242
 moeindarbari ----- > spend:  7.093187
 kimiya ----- > spend:  8.377827
 hrc ----- > spend:  6.915026
 tak_setareh ----- > spend:  7.082219
 flamingo ----- > spend:  6.962111
 dolfin ----- > spend:  7.07424
 sepid_parvaz ----- > spend:  7.079225
 eghamat ----- > spend:  7.094185
 parmis ----- > spend:  6.916024
 eghamat ----- > spend:  8.378825
 eram2mhd ----- > spend:  7.083217
 omid_oj ----- > spend:  6.962111
 rahbal ----- > spend:  7.07424
 hrc ----- > spend:  7.080222
 dolfin ----- > spend:  6.917021
 moeindarbari ----- > spend:  7.084214
 kimiya ----- > spend:  6.963108
 hrc ----- > spend:  7.075237
 safiran ----- > spend:  7.080222
 yegane_fard ----- > spend:  6.917021
 hrc ----- > spend:  7.084214
 parmis ----- > spend:  6.963108
 yegane_fard ----- > spend:  7.075237
 hamood ----- > spend:  7.08122
 dayan ----- > spend:  6.918019
 parmis ----- > spend:  7.085212
 rahbal ----- > spend:  6.964106
 flamingo ----- > spend:  7.076235
 darvishi ----- > spend:  7.08122
 hamsafar ----- > spend:  6.918019
 eghamat ----- > spend:  7.085212
 sepid_parvaz ----- > spend:  6.964106
 mehrab ----- > spend:  7.076235
 safiran ----- > spend:  6.920059
 dolfin ----- > spend:  7.08122
 tak_setareh ----- > spend:  6.972166
 iman ----- > spend:  7.084295
 tak_setareh ----- > spend:  6.926079
 yegane_fard ----- > spend:  7.08928
 eghamat ----- > spend:  6.972166
 mehrab ----- > spend:  6.927045
 hamood ----- > spend:  6.927045
 kimiya ----- > spend:  6.927045
 eghamat ----- > spend:  7.085261
 kimiya ----- > spend:  7.090246
 eghamat ----- > spend:  6.927045
 rahbal ----- > spend:  7.090246
 tak_setareh ----- > spend:  7.090246
 eghamat ----- > spend:  7.090246
 snapp ----- > spend:  10.93745
 snapp ----- > spend:  8.427821
 alaedin ----- > spend:  15.784803
 snapp ----- > spend:  10.228563
 snapp ----- > spend:  10.996882
 snapp ----- > spend:  10.935605
 snapp ----- > spend:  12.699824
 snapp ----- > spend:  12.472367
 snapp ----- > spend:  13.391903
 snapp ----- > spend:  13.652931
 snapp ----- > spend:  14.338174
 snapp ----- > spend:  15.061051
 snapp ----- > spend:  15.655717
 jimboo ----- > spend:  20.177749
 jimboo ----- > spend:  25.551163
 jimboo ----- > spend:  24.982263
 jimboo ----- > spend:  25.844381
 jimboo ----- > spend:  29.132853
 jimboo ----- > spend:  21.692241
 jimboo ----- > spend:  21.891708
 jimboo ----- > spend:  21.766948
 jimboo ----- > spend:  26.374806
 jimboo ----- > spend:  26.503703
 jimboo ----- > spend:  23.216368
 jimboo ----- > spend:  21.60017
 jimboo ----- > spend:  23.517137
 jimboo ----- > spend:  27.09743
 jimboo ----- > spend:  26.566363
 alaedin ----- > spend:  28.416906
 alaedin ----- > spend:  28.322835
 jimboo ----- > spend:  27.416088
 alaedin ----- > spend:  28.662948
 alaedin ----- > spend:  28.701862
 jimboo ----- > spend:  28.867082
 jimboo ----- > spend:  23.87441
 alaedin ----- > spend:  27.369826
 alaedin ----- > spend:  31.653603
 jimboo ----- > spend:  26.35655
 jimboo ----- > spend:  28.207387
 jimboo ----- > spend:  27.438751
 jimboo ----- > spend:  28.007924
 jimboo ----- > spend:  28.031996
 jimboo ----- > spend:  28.094697
 jimboo ----- > spend:  28.491628
 jimboo ----- > spend:  28.652841
 jimboo ----- > spend:  28.52307
 jimboo ----- > spend:  28.812199
 alaedin ----- > spend:  34.552263
 alaedin ----- > spend:  37.120615
 alaedin ----- > spend:  46.527381
 alaedin ----- > spend:  46.845674
 alaedin ----- > spend:  48.372806
 booking ----- > spend:  67.992767
 booking ----- > spend:  64.782072
 booking ----- > spend:  68.945124
 booking ----- > spend:  71.870958
 booking ----- > spend:  73.50289
 booking ----- > spend:  71.952901
 booking ----- > spend:  71.045112
 booking ----- > spend:  73.066253
 booking ----- > spend:  69.512389
 booking ----- > spend:  73.257814
 booking ----- > spend:  70.12738
 alaedin ----- > spend:  59.336975
 booking ----- > spend:  70.556826
 booking ----- > spend:  74.200451
 alaedin ----- > spend:  67.160086
 booking ----- > spend:  67.224329
 booking ----- > spend:  67.255249
 alaedin ----- > spend:  63.143383
 booking ----- > spend:  68.182395
 booking ----- > spend:  70.246081
 booking ----- > spend:  70.332991
 booking ----- > spend:  70.806049
 booking ----- > spend:  70.554395
 booking ----- > spend:  70.170596
 alaedin ----- > spend:  64.76975
 booking ----- > spend:  75.230304
 alaedin ----- > spend:  81.545788
 alaedin ----- > spend:  78.429382
 booking ----- > spend:  74.516376
 booking ----- > spend:  77.247451
 booking ----- > spend:  74.936609
 booking ----- > spend:  75.761617
 booking ----- > spend:  76.490113
 booking ----- > spend:  74.685793
 booking ----- > spend:  74.962202
 booking ----- > spend:  78.236944
 booking ----- > spend:  80.236611
 booking ----- > spend:  74.90862
 booking ----- > spend:  76.770146
 booking ----- > spend:  75.984175
 booking ----- > spend:  75.040693
 booking ----- > spend:  76.37518
 booking ----- > spend:  76.225945
 booking ----- > spend:  80.172395
 booking ----- > spend:  76.559911
 booking ----- > spend:  76.529006
 booking ----- > spend:  76.783549
 booking ----- > spend:  80.375604
 alaedin ----- > spend:  77.482519
 alaedin ----- > spend:  88.140389
 alaedin ----- > spend:  92.015076
 alaedin ----- > spend:  88.595461
 alaedin ----- > spend:  102.69066
 alaedin ----- > spend:  102.688622
 alaedin ----- > spend:  103.984344
 alaedin ----- > spend:  103.336079
 alaedin ----- > spend:  103.472714
 alaedin ----- > spend:  99.692451
 alaedin ----- > spend:  103.489993
 alaedin ----- > spend:  102.781536
 alaedin ----- > spend:  94.731099
 alaedin ----- > spend:  102.997237
 alaedin ----- > spend:  99.878788
 alaedin ----- > spend:  95.495861
 alaedin ----- > spend:  105.56678
 alaedin ----- > spend:  94.572507
 alaedin ----- > spend:  94.933107
 alaedin ----- > spend:  94.829344
 alaedin ----- > spend:  98.682755
 alaedin ----- > spend:  108.732955
 alaedin ----- > spend:  105.009467
 alaedin ----- > spend:  105.411788
 "POST /build-tour-analyse/ HTTP/1.1" 200 1338494
 "POST /build-tour-analyse/ HTTP/1.1" 200 1288462
 "POST /build-tour-analyse/ HTTP/1.1" 200 1283599
 "POST /build-tour-analyse/ HTTP/1.1" 200 1334420
 "POST /build-tour-analyse/ HTTP/1.1" 200 1281406
 "POST /build-tour-analyse/ HTTP/1.1" 200 1266667
